<?xml version="1.0" encoding="UTF-8"?>
<!-- Generated by org.testng.reporters.JUnitReportReporter -->
<testsuite hostname="ashish-460a2560" name="tests.RegisterTest" tests="2" failures="2" timestamp="1 Jul 2011 10:12:22 GMT" time="0.000" errors="0">
  <testcase name="testRegistration" time="0.000" classname="tests.RegisterTest"/>
  <testcase name="testRegistration" time="0.000" classname="tests.RegisterTest"/>
</testsuite>
